Arguments: 
  /home/vlad/.nvm/versions/node/v14.21.3/bin/node /usr/local/bin/yarn install

PATH: 
  /home/vlad/.nvm/versions/node/v14.21.3/bin:/usr/local/sbin:/usr/local/bin:/usr/sbin:/usr/bin:/sbin:/bin:/usr/games:/usr/local/games:/snap/bin:/snap/bin

Yarn version: 
  1.22.19

Node version: 
  14.21.3

Platform: 
  linux x64

Trace: 
  SyntaxError: /home/vlad/Escritorio/Programming/garden_of_concentration/package.json: Unexpected token } in JSON at position 801
      at JSON.parse (<anonymous>)
      at /usr/local/lib/node_modules/yarn/lib/cli.js:1629:59
      at Generator.next (<anonymous>)
      at step (/usr/local/lib/node_modules/yarn/lib/cli.js:310:30)
      at /usr/local/lib/node_modules/yarn/lib/cli.js:321:13

npm manifest: 
  {
    "name": "garden",
    "version": "0.1.0",
    "private": true,
    "scripts": {
      "serve": "vue-cli-service serve",
      "build": "vue-cli-service build",
      "lint": "vue-cli-service lint"
    },
    "dependencies": {
      "@headlessui/vue": "^1.7.10",
      "@heroicons/vue": "^2.0.16",
      "autoprefixer": "^10.4.13",
      "core-js": "^3.8.3",
      "postcss": "^8.4.21",
      "tailwindcss": "^3.2.7",
      "vue": "^3.2.13",
      "vue-router": "^4.1.6",
      "vuetify": "^3.1.5",
      "vuex": "^4.0.0"
    },
    "devDependencies": {
      "@babel/core": "^7.12.16",
      "@babel/eslint-parser": "^7.12.16",
      "@vue/cli-plugin-babel": "~5.0.0",
      "@vue/cli-plugin-eslint": "~5.0.0",
      "@vue/cli-plugin-vuex": "~5.0.0",
      "@vue/cli-service": "~5.0.0",
      "eslint": "^7.32.0",
      "eslint-plugin-vue": "^8.0.3",
    },
    "eslintConfig": {
      "root": true,
      "env": {
        "node": true
      },
      "extends": [
        "plugin:vue/vue3-essential",
        "eslint:recommended"
      ],
      "parserOptions": {
        "parser": "@babel/eslint-parser"
      },
      "rules": {}
    },
    "browserslist": [
      "> 1%",
      "last 2 versions",
      "not dead",
      "not ie 11"
    ]
  }

yarn manifest: 
  No manifest

Lockfile: 
  No lockfile
